<?xml version="1.0" encoding="UTF-8"?>
<!-- Generated by org.testng.reporters.JUnitXMLReporter -->
<testsuite hostname="DESKTOP-GSEU8SP" ignored="0" name="Surefire test" tests="4" failures="0" timestamp="15 Oct 2024 05:06:14 GMT" time="0.084" errors="0">
  <testcase name="createOrgTest" time="0.017" classname="Test1.OrgTest"/>
  <testcase name="modifyOrgTest" time="0.002" classname="Test1.OrgTest"/>
  <testcase name="createContactTest" time="0.002" classname="Test2.ContactCreationTest"/>
  <testcase name="modifyContactTest" time="0.002" classname="Test2.ContactCreationTest"/>
</testsuite> <!-- Surefire test -->
