<?xml version="1.0" encoding="UTF-8"?>
<testng-results skipped="0" failed="0" ignored="0" total="2" passed="2">
  <reporter-output>
  </reporter-output>
  <suite name="Suite" duration-ms="79" started-at="2024-10-15T10:35:14Z" finished-at="2024-10-15T10:35:14Z">
    <groups>
    </groups>
    <test name="Test" duration-ms="79" started-at="2024-10-15T10:35:14Z" finished-at="2024-10-15T10:35:14Z">
      <class name="Test2.ContactCreationTest">
        <test-method status="PASS" signature="createContactTest()[pri:0, instance:Test2.ContactCreationTest@7920ba90]" name="createContactTest" duration-ms="17" started-at="2024-10-15T10:35:14Z" finished-at="2024-10-15T10:35:14Z">
          <reporter-output>
          </reporter-output>
        </test-method> <!-- createContactTest -->
        <test-method status="PASS" signature="modifyContactTest()[pri:0, instance:Test2.ContactCreationTest@7920ba90]" name="modifyContactTest" duration-ms="2" started-at="2024-10-15T10:35:14Z" finished-at="2024-10-15T10:35:14Z">
          <reporter-output>
          </reporter-output>
        </test-method> <!-- modifyContactTest -->
      </class> <!-- Test2.ContactCreationTest -->
    </test> <!-- Test -->
  </suite> <!-- Suite -->
</testng-results>
